Performing C SOURCE FILE Test CMAKE_HAVE_LIBC_PTHREAD failed with the following output:
Change Dir: D:/Project/MyOpenGL/glfw-3.3.8/build/CMakeFiles/CMakeScratch/TryCompile-jjx36j

Run Build Command(s):D:/Program Files/Microsoft Visual Studio/2022/Community/MSBuild/Current/Bin/amd64/MSBuild.exe cmTC_f0f5f.vcxproj /p:Configuration=Debug /p:Platform=x64 /p:VisualStudioVersion=17.0 /v:m && MSBuild version 17.4.0+18d5aef85 for .NET Framework
  用于 x64 的 Microsoft (R) C/C++ 优化编译器 19.34.31933 版
  版权所有(C) Microsoft Corporation。保留所有权利。
  src.c
  cl /c /Zi /W1 /WX- /diagnostics:column /Od /Ob0 /D _MBCS /D WIN32 /D _WINDOWS /D CMAKE_HAVE_LIBC_PTHREAD /D "CMAKE_INTDIR=\"Debug\"" /Gm- /RTC1 /MDd /GS /fp:precise /Zc:wchar_t /Zc:forScope /Zc:inline /Fo"cmTC_f0f5f.dir\Debug\\" /Fd"cmTC_f0f5f.dir\Debug\vc143.pdb" /external:W1 /Gd /TC /errorReport:queue "D:\Project\MyOpenGL\glfw-3.3.8\build\CMakeFiles\CMakeScratch\TryCompile-jjx36j\src.c"
D:\Project\MyOpenGL\glfw-3.3.8\build\CMakeFiles\CMakeScratch\TryCompile-jjx36j\src.c(1,10): fatal  error C1083: 无法打开包括文件: “pthread.h”: No such file or directory [D:\Project\MyOpenGL\glfw-3.3.8\build\CMakeFiles\CMakeScratch\TryCompile-jjx36j\cmTC_f0f5f.vcxproj]


Source file was:
#include <pthread.h>

static void* test_func(void* data)
{
  return data;
}

int main(void)
{
  pthread_t thread;
  pthread_create(&thread, NULL, test_func, NULL);
  pthread_detach(thread);
  pthread_cancel(thread);
  pthread_join(thread, NULL);
  pthread_atfork(NULL, NULL, NULL);
  pthread_exit(NULL);

  return 0;
}


Determining if the function pthread_create exists in the pthreads failed with the following output:
Change Dir: D:/Project/MyOpenGL/glfw-3.3.8/build/CMakeFiles/CMakeScratch/TryCompile-rmgryp

Run Build Command(s):D:/Program Files/Microsoft Visual Studio/2022/Community/MSBuild/Current/Bin/amd64/MSBuild.exe cmTC_80d6b.vcxproj /p:Configuration=Debug /p:Platform=x64 /p:VisualStudioVersion=17.0 /v:m && MSBuild version 17.4.0+18d5aef85 for .NET Framework
  用于 x64 的 Microsoft (R) C/C++ 优化编译器 19.34.31933 版
  版权所有(C) Microsoft Corporation。保留所有权利。
  CheckFunctionExists.c
  cl /c /Zi /W1 /WX- /diagnostics:column /Od /Ob0 /D _MBCS /D WIN32 /D _WINDOWS /D CHECK_FUNCTION_EXISTS=pthread_create /D "CMAKE_INTDIR=\"Debug\"" /Gm- /RTC1 /MDd /GS /fp:precise /Zc:wchar_t /Zc:forScope /Zc:inline /Fo"cmTC_80d6b.dir\Debug\\" /Fd"cmTC_80d6b.dir\Debug\vc143.pdb" /external:W1 /Gd /TC /errorReport:queue "D:\Project\MyOpenGL\glfw-3.3.8\build\CMakeFiles\CMakeScratch\TryCompile-rmgryp\CheckFunctionExists.c"
LINK : fatal error LNK1104: 无法打开文件“pthreads.lib” [D:\Project\MyOpenGL\glfw-3.3.8\build\CMakeFiles\CMakeScratch\TryCompile-rmgryp\cmTC_80d6b.vcxproj]



Determining if the function pthread_create exists in the pthread failed with the following output:
Change Dir: D:/Project/MyOpenGL/glfw-3.3.8/build/CMakeFiles/CMakeScratch/TryCompile-gpmftr

Run Build Command(s):D:/Program Files/Microsoft Visual Studio/2022/Community/MSBuild/Current/Bin/amd64/MSBuild.exe cmTC_a5ac7.vcxproj /p:Configuration=Debug /p:Platform=x64 /p:VisualStudioVersion=17.0 /v:m && MSBuild version 17.4.0+18d5aef85 for .NET Framework
  用于 x64 的 Microsoft (R) C/C++ 优化编译器 19.34.31933 版
  版权所有(C) Microsoft Corporation。保留所有权利。
  CheckFunctionExists.c
  cl /c /Zi /W1 /WX- /diagnostics:column /Od /Ob0 /D _MBCS /D WIN32 /D _WINDOWS /D CHECK_FUNCTION_EXISTS=pthread_create /D "CMAKE_INTDIR=\"Debug\"" /Gm- /RTC1 /MDd /GS /fp:precise /Zc:wchar_t /Zc:forScope /Zc:inline /Fo"cmTC_a5ac7.dir\Debug\\" /Fd"cmTC_a5ac7.dir\Debug\vc143.pdb" /external:W1 /Gd /TC /errorReport:queue "D:\Project\MyOpenGL\glfw-3.3.8\build\CMakeFiles\CMakeScratch\TryCompile-gpmftr\CheckFunctionExists.c"
LINK : fatal error LNK1104: 无法打开文件“pthread.lib” [D:\Project\MyOpenGL\glfw-3.3.8\build\CMakeFiles\CMakeScratch\TryCompile-gpmftr\cmTC_a5ac7.vcxproj]



